<?xml version="1.0" encoding="UTF-8"?>
<!-- Generated by org.testng.reporters.JUnitReportReporter -->
<testsuite skipped="0" hostname="Harshal-HP" name="com.qa.test.SearchPageTest" tests="2" failures="0" timestamp="16 Apr 2019 01:53:12 GMT" time="0.000" errors="0">
  <testcase name="searchPageSet" time="0.000" classname="com.qa.test.SearchPageTest"/>
  <testcase name="searchPageTest" time="0.000" classname="com.qa.test.SearchPageTest"/>
</testsuite> <!-- com.qa.test.SearchPageTest -->
