<?xml version="1.0" encoding="UTF-8"?>
<!-- Generated by org.testng.reporters.JUnitReportReporter -->
<testsuite skipped="0" hostname="Harshal-HP" name="com.qa.test.LoginTest" tests="1" failures="0" timestamp="16 Apr 2019 01:53:12 GMT" time="0.000" errors="0">
  <testcase name="test1" time="0.000" classname="com.qa.test.LoginTest"/>
</testsuite> <!-- com.qa.test.LoginTest -->
