<?xml version="1.0" encoding="UTF-8"?>
<!-- Generated by org.testng.reporters.JUnitReportReporter -->
<testsuite skipped="0" hostname="Harshal-HP" name="com.qa.test.HomePageTest" tests="2" failures="0" timestamp="16 Apr 2019 01:53:12 GMT" time="0.010" errors="0">
  <testcase name="loginSet" time="0.010" classname="com.qa.test.HomePageTest"/>
  <testcase name="loginpage" time="0.000" classname="com.qa.test.HomePageTest"/>
</testsuite> <!-- com.qa.test.HomePageTest -->
